<?xml version="1.0" encoding="UTF-8"?>
<!-- Generated by org.testng.reporters.JUnitXMLReporter -->
<testsuite ignored="0" hostname="DESKTOP-MJNPV0D" failures="0" tests="3" name="Default test" time="1.737" errors="0" timestamp="2022-02-17T20:56:33 EST">
  <testcase classname="com.SalesForce.Login.NegativeLoginTest" name="userNameBox" time="0.71"/>
  <testcase classname="com.SalesForce.Login.NegativeLoginTest" name="passwordBox" time="0.237"/>
  <testcase classname="com.SalesForce.Login.NegativeLoginTest" name="signinButton" time="0.306"/>
</testsuite> <!-- Default test -->
