<?xml version="1.0" encoding="UTF-8"?>
<testng-results ignored="0" total="3" passed="3" failed="0" skipped="0">
  <reporter-output>
  </reporter-output>
  <suite started-at="2022-02-17T20:56:31 EST" name="Default suite" finished-at="2022-02-17T20:56:33 EST" duration-ms="1737">
    <groups>
    </groups>
    <test started-at="2022-02-17T20:56:31 EST" name="Default test" finished-at="2022-02-17T20:56:33 EST" duration-ms="1737">
      <class name="com.SalesForce.Login.NegativeLoginTest">
        <test-method is-config="true" signature="openApp()[pri:0, instance:com.SalesForce.Login.NegativeLoginTest@6aef4eb8]" started-at="2022-02-17T20:56:31 EST" name="openApp" finished-at="2022-02-17T20:56:31 EST" duration-ms="15" status="PASS">
          <reporter-output>
          </reporter-output>
        </test-method> <!-- openApp -->
        <test-method signature="userNameBox()[pri:0, instance:com.SalesForce.Login.NegativeLoginTest@6aef4eb8]" started-at="2022-02-17T20:56:31 EST" name="userNameBox" finished-at="2022-02-17T20:56:32 EST" duration-ms="710" status="PASS">
          <reporter-output>
          </reporter-output>
        </test-method> <!-- userNameBox -->
        <test-method signature="passwordBox()[pri:1, instance:com.SalesForce.Login.NegativeLoginTest@6aef4eb8]" started-at="2022-02-17T20:56:32 EST" name="passwordBox" finished-at="2022-02-17T20:56:32 EST" duration-ms="237" status="PASS">
          <reporter-output>
          </reporter-output>
        </test-method> <!-- passwordBox -->
        <test-method is-config="true" signature="openApp()[pri:0, instance:com.SalesForce.Login.NegativeLoginTest@6aef4eb8]" started-at="2022-02-17T20:56:32 EST" name="openApp" finished-at="2022-02-17T20:56:32 EST" duration-ms="0" status="PASS">
          <reporter-output>
          </reporter-output>
        </test-method> <!-- openApp -->
        <test-method is-config="true" signature="openApp()[pri:0, instance:com.SalesForce.Login.NegativeLoginTest@6aef4eb8]" started-at="2022-02-17T20:56:32 EST" name="openApp" finished-at="2022-02-17T20:56:32 EST" duration-ms="1" status="PASS">
          <reporter-output>
          </reporter-output>
        </test-method> <!-- openApp -->
        <test-method signature="signinButton()[pri:2, instance:com.SalesForce.Login.NegativeLoginTest@6aef4eb8]" started-at="2022-02-17T20:56:32 EST" name="signinButton" finished-at="2022-02-17T20:56:33 EST" duration-ms="306" status="PASS">
          <reporter-output>
          </reporter-output>
        </test-method> <!-- signinButton -->
        <test-method is-config="true" signature="closeApp()[pri:0, instance:com.SalesForce.Login.NegativeLoginTest@6aef4eb8]" started-at="2022-02-17T20:56:33 EST" name="closeApp" finished-at="2022-02-17T20:56:33 EST" duration-ms="387" status="PASS">
          <reporter-output>
          </reporter-output>
        </test-method> <!-- closeApp -->
      </class> <!-- com.SalesForce.Login.NegativeLoginTest -->
    </test> <!-- Default test -->
  </suite> <!-- Default suite -->
</testng-results>
